<?xml version="1.0" encoding="utf-8"?><testsuites name="pytest tests"><testsuite name="pytest" errors="0" failures="0" skipped="0" tests="8" time="42.012" timestamp="2026-06-28T06:14:57.473056+00:00" hostname="agent-env-d6b5c4ee-9336-4c38-97e4-1cb29697bd14"><testcase classname="tests.test_estimator_seo.TestEstimator" name="test_estimate_bangun_baru_malang" time="22.298" /><testcase classname="tests.test_estimator_seo.TestSEO" name="test_index_html_meta" time="0.259" /><testcase classname="tests.test_estimator_seo.TestSEO" name="test_robots_txt" time="0.044" /><testcase classname="tests.test_estimator_seo.TestSEO" name="test_sitemap_xml" time="0.053" /><testcase classname="tests.test_estimator_seo.TestSEO" name="test_manifest_json" time="0.042" /><testcase classname="tests.test_estimator_seo.TestEstimator" name="test_estimate_renovasi_bali_premium" time="19.040" /><testcase classname="tests.test_estimator_seo.TestEstimator" name="test_estimate_validation_bad_area" time="0.047" /><testcase classname="tests.test_estimator_seo.TestEstimator" name="test_estimate_validation_bad_quality" time="0.042" /></testsuite></testsuites>