<?xml version="1.0" encoding="utf-8"?><testsuites name="pytest tests"><testsuite name="pytest" errors="0" failures="0" skipped="0" tests="9" time="91.043" timestamp="2026-06-28T07:38:29.665449+00:00" hostname="agent-env-d6b5c4ee-9336-4c38-97e4-1cb29697bd14"><testcase classname="tests.test_iteration6_competitor_pricing" name="test_invalid_project_type_returns_422[bangun_baru]" time="0.274" /><testcase classname="tests.test_iteration6_competitor_pricing" name="test_invalid_project_type_returns_422[kitchen_set]" time="0.121" /><testcase classname="tests.test_iteration6_competitor_pricing" name="test_invalid_project_type_returns_422[renovasi]" time="0.128" /><testcase classname="tests.test_iteration6_competitor_pricing" name="test_invalid_city_returns_422[Jakarta]" time="0.122" /><testcase classname="tests.test_iteration6_competitor_pricing" name="test_invalid_city_returns_422[Yogyakarta]" time="0.098" /><testcase classname="tests.test_iteration6_competitor_pricing" name="test_invalid_city_returns_422[Lainnya]" time="0.129" /><testcase classname="tests.test_iteration6_competitor_pricing" name="test_estimate_bangun_renovasi_bali" time="20.818" /><testcase classname="tests.test_iteration6_competitor_pricing" name="test_estimate_arsitek_malang" time="16.568" /><testcase classname="tests.test_iteration6_competitor_pricing" name="test_competitor_discount_consistency_three_calls" time="52.258" /></testsuite></testsuites>