<?xml version="1.0" encoding="utf-8"?><testsuites name="pytest tests"><testsuite name="pytest" errors="0" failures="1" skipped="0" tests="1" time="22.132" timestamp="2026-06-28T06:44:13.256806+00:00" hostname="agent-env-d6b5c4ee-9336-4c38-97e4-1cb29697bd14"><testcase classname="tests.test_iteration_4_1_tweaks" name="test_estimate_breakdown_uses_penyelesaian_not_finishing" time="21.576"><failure message="AssertionError: Expected category 'Penyelesaian &amp; Interior' to be present. Got: ['Pondasi &amp; Struktur', 'Dinding &amp; Atap', 'Listrik, Air &amp; Sanitasi', 'Finishing &amp; Interior', 'Tukang &amp; Pengawasan']&#10;assert 'Penyelesaian &amp; Interior' in ['Pondasi &amp; Struktur', 'Dinding &amp; Atap', 'Listrik, Air &amp; Sanitasi', 'Finishing &amp; Interior', 'Tukang &amp; Pengawasan']">backend/tests/test_iteration_4_1_tweaks.py:26: in test_estimate_breakdown_uses_penyelesaian_not_finishing
    assert "Penyelesaian &amp; Interior" in categories, (
E   AssertionError: Expected category 'Penyelesaian &amp; Interior' to be present. Got: ['Pondasi &amp; Struktur', 'Dinding &amp; Atap', 'Listrik, Air &amp; Sanitasi', 'Finishing &amp; Interior', 'Tukang &amp; Pengawasan']
E   assert 'Penyelesaian &amp; Interior' in ['Pondasi &amp; Struktur', 'Dinding &amp; Atap', 'Listrik, Air &amp; Sanitasi', 'Finishing &amp; Interior', 'Tukang &amp; Pengawasan']</failure></testcase></testsuite></testsuites>